<?xml version="1.0" encoding="UTF-8"?>
<!-- Generated by org.testng.reporters.JUnitXMLReporter -->
<testsuite ignored="0" hostname="Naufal-Hafiz.local" failures="0" tests="3" name="Surefire test" time="11.162" errors="0" timestamp="2025-02-28T16:06:30 WIB">
  <testcase classname="com.example.AppTest" name="loginTest" time="1.961"/>
  <testcase classname="com.example.AppTest" name="addItemToCartTest" time="0.051"/>
  <testcase classname="com.example.AppTest" name="aboutUsPageTest" time="6.223"/>
</testsuite> <!-- Surefire test -->
