<?xml version="1.0" encoding="UTF-8"?>
<testng-results ignored="0" total="3" passed="3" failed="0" skipped="0">
  <reporter-output>
  </reporter-output>
  <suite started-at="2025-02-28T16:06:18 WIB" name="Surefire suite" finished-at="2025-02-28T16:06:30 WIB" duration-ms="11162">
    <groups>
    </groups>
    <test started-at="2025-02-28T16:06:18 WIB" name="Surefire test" finished-at="2025-02-28T16:06:30 WIB" duration-ms="11162">
      <class name="com.example.AppTest">
        <test-method is-config="true" signature="setup()[pri:0, instance:com.example.AppTest@2f465398]" started-at="2025-02-28T16:06:18 WIB" name="setup" finished-at="2025-02-28T16:06:21 WIB" duration-ms="2585" status="PASS">
          <reporter-output>
          </reporter-output>
        </test-method> <!-- setup -->
        <test-method signature="loginTest()[pri:1, instance:com.example.AppTest@2f465398]" started-at="2025-02-28T16:06:21 WIB" name="loginTest" finished-at="2025-02-28T16:06:23 WIB" duration-ms="1961" status="PASS">
          <reporter-output>
          </reporter-output>
        </test-method> <!-- loginTest -->
        <test-method signature="addItemToCartTest()[pri:2, instance:com.example.AppTest@2f465398]" started-at="2025-02-28T16:06:23 WIB" name="addItemToCartTest" finished-at="2025-02-28T16:06:23 WIB" duration-ms="51" status="PASS">
          <reporter-output>
          </reporter-output>
        </test-method> <!-- addItemToCartTest -->
        <test-method signature="aboutUsPageTest()[pri:3, instance:com.example.AppTest@2f465398]" started-at="2025-02-28T16:06:23 WIB" name="aboutUsPageTest" finished-at="2025-02-28T16:06:29 WIB" duration-ms="6223" status="PASS">
          <reporter-output>
          </reporter-output>
        </test-method> <!-- aboutUsPageTest -->
        <test-method is-config="true" signature="teardown()[pri:0, instance:com.example.AppTest@2f465398]" started-at="2025-02-28T16:06:29 WIB" name="teardown" finished-at="2025-02-28T16:06:30 WIB" duration-ms="310" status="PASS">
          <reporter-output>
          </reporter-output>
        </test-method> <!-- teardown -->
      </class> <!-- com.example.AppTest -->
    </test> <!-- Surefire test -->
  </suite> <!-- Surefire suite -->
</testng-results>
